Arguments: 
  /Users/ronnieprinci/.nvm/versions/node/v14.15.4/bin/node /Users/ronnieprinci/.yarn/bin/yarn.js init

PATH: 
  /Users/ronnieprinci/.yarn/bin:/Users/ronnieprinci/.config/yarn/global/node_modules/.bin:/Users/ronnieprinci/.sdkman/candidates/gradle/current:/opt/local/bin:/opt/local/sbin:/Users/ronnieprinci/.nvm/versions/node/v14.15.4/bin:/usr/local/bin:/usr/local/sbin:/usr/bin:/bin:/usr/sbin:/sbin

Yarn version: 
  1.22.4

Node version: 
  14.15.4

Platform: 
  darwin x64

Trace: 
  Error: canceled
      at Interface.<anonymous> (/Users/ronnieprinci/.yarn/lib/cli.js:137008:13)
      at Interface.emit (events.js:315:20)
      at Interface._ttyWrite (readline.js:875:16)
      at ReadStream.onkeypress (readline.js:213:10)
      at ReadStream.emit (events.js:315:20)
      at emitKeys (internal/readline/utils.js:345:14)
      at emitKeys.next (<anonymous>)
      at ReadStream.onData (readline.js:1144:36)
      at ReadStream.emit (events.js:315:20)
      at addChunk (internal/streams/readable.js:309:12)

npm manifest: 
  No manifest

yarn manifest: 
  No manifest

Lockfile: 
  No lockfile
